<?xml version="1.0" encoding="UTF-8"?>
<!-- Generated by org.testng.reporters.JUnitXMLReporter -->
<testsuite ignored="0" hostname="M5-L-85VC0G2" failures="0" tests="4" name="Test" time="10.818" errors="0" timestamp="07 Apr 2018 16:05:49 GMT">
  <testcase classname="TestNG.TestNGdemo" name="avideos" time="0.97"/>
  <testcase classname="TestNG.TestNGdemo" name="dmore" time="0.095"/>
  <testcase classname="TestNG.TestNGdemo" name="anews" time="0.855"/>
  <testcase classname="TestNG.TestNGdemo" name="bimages" time="1.144"/>
</testsuite> <!-- Test -->
